2013-03-13 13:20:30: ----- Tarea 'SanAngel': ANÁLISIS comenzado por User en ordenador 'LAPXPS502_1T' (GoodSync v 9.4.4.4) -----
2013-03-13 13:20:30: C:\Users\Sistemas\Documents\NuSphere PhpED\Projects\huella =PropDels=> sftp://ftp9.bravehost.com, NoWaitForLocks, FolderLinksIgnore, FileLinksDrill, CopyCreateTime
2013-03-13 13:20:30: izquierda: State file does not exist: C:\Users\Sistemas\Documents\NuSphere PhpED\Projects\huella\_gsdata_\_file_state._gs
2013-03-13 13:20:30: Construir nuevo archivo de estado en izquierda
2013-03-13 13:20:30: izquierda: Archivos: 46 (excluidos 0). Carpetas: 42 (excluidas 0). C: NTFS, Libre: 582 GB, Total: 679 GB
2013-03-13 13:20:31: derecha: State file does not exist: sftp://ftp9.bravehost.com/_gsdata_/_file_state._gs
2013-03-13 13:20:34: Construir nuevo archivo de estado en derecha
2013-03-13 13:20:34: derecha: Archivos: 22 (excluidos 1). Carpetas: 6 (excluidas 0). SSH-2.0-mod_sftp/0.9.7
2013-03-13 13:20:34: /add.php: Aviso: Un archivo anterior sustituirá a uno más Nuevo
2013-03-13 13:20:34: /agregar.html: Aviso: Un archivo anterior sustituirá a uno más Nuevo
2013-03-13 13:20:34: /conectar.php: Aviso: Un archivo anterior sustituirá a uno más Nuevo
2013-03-13 13:20:34: /css/style.css: Aviso: Un archivo anterior sustituirá a uno más Nuevo
2013-03-13 13:20:34: /index.html: Aviso: Un archivo anterior sustituirá a uno más Nuevo
2013-03-13 13:20:34: /js/h5utils.js: Aviso: Un archivo anterior sustituirá a uno más Nuevo
2013-03-13 13:20:34: /js/javascript.js: Aviso: Un archivo anterior sustituirá a uno más Nuevo
2013-03-13 13:20:34: /js/jquery.js: Aviso: Un archivo anterior sustituirá a uno más Nuevo
2013-03-13 13:20:34: /up.php: Aviso: Un archivo anterior sustituirá a uno más Nuevo
2013-03-13 13:20:34: Cambios: 102, Conflictos: 0, TiempoCopia: 0, EstadoCopia: 0/3, Errores: 0
2013-03-13 13:20:34: Left to Right: Copy File: 85 Delete File: 17 
2013-03-13 13:20:34: ----- Análisis Completado. Tiempo 00:00:11, Velocidad: 9 archivo/s -----
2013-03-13 13:20:34: 
2013-03-13 13:21:51: New _gsdata_ folder(s) created, so rescan all job folders for their ghosts
2013-03-13 13:21:51: ===== Tarea 'SanAngel': SINC comenzada por User en ordenador 'LAPXPS502_1T' =====
2013-03-13 13:21:51: C:\Users\Sistemas\Documents\NuSphere PhpED\Projects\huella =PropDels=> sftp://ftp9.bravehost.com, SavePastVers, bCleanupPastVers=30d, NoWaitForLocks, FolderLinksIgnore, FileLinksDrill, CopyCreateTime
2013-03-13 13:21:53: Borrar Archivo 'sftp://ftp9.bravehost.com/archivos/add.php'
2013-03-13 13:21:53: Borrar Archivo 'sftp://ftp9.bravehost.com/archivos/agregar.html'
2013-03-13 13:21:54: Borrar Archivo 'sftp://ftp9.bravehost.com/archivos/archivos/.DS_Store'
2013-03-13 13:21:54: Borrar Archivo 'sftp://ftp9.bravehost.com/archivos/archivos/1.txt'
2013-03-13 13:21:54: Borrar Archivo 'sftp://ftp9.bravehost.com/archivos/archivos/1_attlog.dat'
2013-03-13 13:21:54: Borrar Archivo 'sftp://ftp9.bravehost.com/archivos/archivos/1_attlog.txt'
2013-03-13 13:21:54: Borrar Carpeta 'sftp://ftp9.bravehost.com/archivos/archivos'
2013-03-13 13:21:54: Borrar Archivo 'sftp://ftp9.bravehost.com/archivos/conectar.php'
2013-03-13 13:21:55: Borrar Archivo 'sftp://ftp9.bravehost.com/archivos/css/style.css'
2013-03-13 13:21:55: Borrar Carpeta 'sftp://ftp9.bravehost.com/archivos/css'
2013-03-13 13:21:55: Borrar Archivo 'sftp://ftp9.bravehost.com/archivos/index.html'
2013-03-13 13:21:56: Borrar Archivo 'sftp://ftp9.bravehost.com/archivos/js/dnd.html'
2013-03-13 13:21:56: Borrar Archivo 'sftp://ftp9.bravehost.com/archivos/js/h5utils.js'
2013-03-13 13:21:56: Borrar Archivo 'sftp://ftp9.bravehost.com/archivos/js/javascript.js'
2013-03-13 13:21:56: Borrar Archivo 'sftp://ftp9.bravehost.com/archivos/js/jquery.js'
2013-03-13 13:21:56: Borrar Carpeta 'sftp://ftp9.bravehost.com/archivos/js'
2013-03-13 13:21:56: Borrar Archivo 'sftp://ftp9.bravehost.com/archivos/up.php'
2013-03-13 13:21:57: Crear Carpeta 'sftp://ftp9.bravehost.com/.git'
2013-03-13 13:21:57: Crear Carpeta 'sftp://ftp9.bravehost.com/.git/hooks'
2013-03-13 13:21:57: Crear Carpeta 'sftp://ftp9.bravehost.com/.git/info'
2013-03-13 13:21:57: Crear Carpeta 'sftp://ftp9.bravehost.com/.git/logs'
2013-03-13 13:21:57: Crear Carpeta 'sftp://ftp9.bravehost.com/.git/logs/refs'
2013-03-13 13:21:57: Crear Carpeta 'sftp://ftp9.bravehost.com/.git/logs/refs/remotes'
2013-03-13 13:21:57: Crear Carpeta 'sftp://ftp9.bravehost.com/.git/logs/refs/remotes/origin'
2013-03-13 13:21:57: Crear Carpeta 'sftp://ftp9.bravehost.com/.git/objects'
2013-03-13 13:21:57: Crear Carpeta 'sftp://ftp9.bravehost.com/.git/objects/05'
2013-03-13 13:21:58: Crear Carpeta 'sftp://ftp9.bravehost.com/.git/objects/0a'
2013-03-13 13:21:58: Crear Carpeta 'sftp://ftp9.bravehost.com/.git/objects/2a'
2013-03-13 13:21:58: Crear Carpeta 'sftp://ftp9.bravehost.com/.git/objects/2b'
2013-03-13 13:21:58: Crear Carpeta 'sftp://ftp9.bravehost.com/.git/objects/30'
2013-03-13 13:21:58: Crear Carpeta 'sftp://ftp9.bravehost.com/.git/objects/39'
2013-03-13 13:21:58: Crear Carpeta 'sftp://ftp9.bravehost.com/.git/objects/3b'
2013-03-13 13:21:58: Crear Carpeta 'sftp://ftp9.bravehost.com/.git/objects/41'
2013-03-13 13:21:58: Crear Carpeta 'sftp://ftp9.bravehost.com/.git/objects/5e'
2013-03-13 13:21:59: Crear Carpeta 'sftp://ftp9.bravehost.com/.git/objects/64'
2013-03-13 13:21:59: Crear Carpeta 'sftp://ftp9.bravehost.com/.git/objects/6c'
2013-03-13 13:21:59: Crear Carpeta 'sftp://ftp9.bravehost.com/.git/objects/80'
2013-03-13 13:21:59: Crear Carpeta 'sftp://ftp9.bravehost.com/.git/objects/81'
2013-03-13 13:21:59: Crear Carpeta 'sftp://ftp9.bravehost.com/.git/objects/84'
2013-03-13 13:21:59: Crear Carpeta 'sftp://ftp9.bravehost.com/.git/objects/8f'
2013-03-13 13:21:59: Crear Carpeta 'sftp://ftp9.bravehost.com/.git/objects/93'
2013-03-13 13:21:59: Crear Carpeta 'sftp://ftp9.bravehost.com/.git/objects/a2'
2013-03-13 13:21:59: Crear Carpeta 'sftp://ftp9.bravehost.com/.git/objects/bd'
2013-03-13 13:22:00: Crear Carpeta 'sftp://ftp9.bravehost.com/.git/objects/c0'
2013-03-13 13:22:00: Crear Carpeta 'sftp://ftp9.bravehost.com/.git/objects/cb'
2013-03-13 13:22:00: Crear Carpeta 'sftp://ftp9.bravehost.com/.git/objects/cc'
2013-03-13 13:22:00: Crear Carpeta 'sftp://ftp9.bravehost.com/.git/objects/d2'
2013-03-13 13:22:00: Crear Carpeta 'sftp://ftp9.bravehost.com/.git/objects/ed'
2013-03-13 13:22:00: Crear Carpeta 'sftp://ftp9.bravehost.com/.git/objects/f6'
2013-03-13 13:22:00: Crear Carpeta 'sftp://ftp9.bravehost.com/.git/objects/info'
2013-03-13 13:22:00: Crear Carpeta 'sftp://ftp9.bravehost.com/.git/objects/pack'
2013-03-13 13:22:00: Crear Carpeta 'sftp://ftp9.bravehost.com/.git/refs'
2013-03-13 13:22:01: Crear Carpeta 'sftp://ftp9.bravehost.com/.git/refs/heads'
2013-03-13 13:22:01: Crear Carpeta 'sftp://ftp9.bravehost.com/.git/refs/remotes'
2013-03-13 13:22:01: Crear Carpeta 'sftp://ftp9.bravehost.com/.git/refs/remotes/origin'
2013-03-13 13:22:01: Crear Carpeta 'sftp://ftp9.bravehost.com/.git/refs/tags'
2013-03-13 13:22:01: Copiar Nueva 'C:\Users\Sistemas\Documents\NuSphere PhpED\Projects\huella\.git\config' -> 'sftp://ftp9.bravehost.com/.git/config'
2013-03-13 13:22:02: Copiar Nueva 'C:\Users\Sistemas\Documents\NuSphere PhpED\Projects\huella\.git\description' -> 'sftp://ftp9.bravehost.com/.git/description'
2013-03-13 13:22:03: Copiar Nueva 'C:\Users\Sistemas\Documents\NuSphere PhpED\Projects\huella\.git\HEAD' -> 'sftp://ftp9.bravehost.com/.git/HEAD'
2013-03-13 13:22:04: Copiar Nueva 'C:\Users\Sistemas\Documents\NuSphere PhpED\Projects\huella\.git\hooks\README.sample' -> 'sftp://ftp9.bravehost.com/.git/hooks/README.sample'
2013-03-13 13:22:05: Copiar Nueva 'C:\Users\Sistemas\Documents\NuSphere PhpED\Projects\huella\.git\index' -> 'sftp://ftp9.bravehost.com/.git/index'
2013-03-13 13:22:06: Copiar Nueva 'C:\Users\Sistemas\Documents\NuSphere PhpED\Projects\huella\.git\info\exclude' -> 'sftp://ftp9.bravehost.com/.git/info/exclude'
2013-03-13 13:22:06: Copiar Nueva 'C:\Users\Sistemas\Documents\NuSphere PhpED\Projects\huella\.git\logs\refs\remotes\origin\master' -> 'sftp://ftp9.bravehost.com/.git/logs/refs/remotes/origin/master'
2013-03-13 13:22:08: Copiar Nueva 'C:\Users\Sistemas\Documents\NuSphere PhpED\Projects\huella\.git\objects\05\de35bdceaee8cda712b7dade4e86d77fdac427' -> 'sftp://ftp9.bravehost.com/.git/objects/05/de35bdceaee8cda712b7dade4e86d77fdac427'
2013-03-13 13:22:09: Copiar Nueva 'C:\Users\Sistemas\Documents\NuSphere PhpED\Projects\huella\.git\objects\0a\6cb186bca991a78aff62fc10cd129a94a47a28' -> 'sftp://ftp9.bravehost.com/.git/objects/0a/6cb186bca991a78aff62fc10cd129a94a47a28'
2013-03-13 13:22:09: Copiar Nueva 'C:\Users\Sistemas\Documents\NuSphere PhpED\Projects\huella\.git\objects\2a\dd9c3000fb060e62f76701eb699f751b2a4a21' -> 'sftp://ftp9.bravehost.com/.git/objects/2a/dd9c3000fb060e62f76701eb699f751b2a4a21'
2013-03-13 13:22:10: Copiar Nueva 'C:\Users\Sistemas\Documents\NuSphere PhpED\Projects\huella\.git\objects\2b\4f3e7043b0ffc94c108d3947dbfd62ff0efb5a' -> 'sftp://ftp9.bravehost.com/.git/objects/2b/4f3e7043b0ffc94c108d3947dbfd62ff0efb5a'
2013-03-13 13:22:11: Copiar Nueva 'C:\Users\Sistemas\Documents\NuSphere PhpED\Projects\huella\.git\objects\30\1e5625f11a98a7f78b178061bde609b8fff512' -> 'sftp://ftp9.bravehost.com/.git/objects/30/1e5625f11a98a7f78b178061bde609b8fff512'
2013-03-13 13:22:11: Copiar Nueva 'C:\Users\Sistemas\Documents\NuSphere PhpED\Projects\huella\.git\objects\30\dbd538a78f42db579466c3db38b9509672e2c3' -> 'sftp://ftp9.bravehost.com/.git/objects/30/dbd538a78f42db579466c3db38b9509672e2c3'
2013-03-13 13:22:12: Copiar Nueva 'C:\Users\Sistemas\Documents\NuSphere PhpED\Projects\huella\.git\objects\39\bb7b4751480508c539d351da7d860bf44b07c3' -> 'sftp://ftp9.bravehost.com/.git/objects/39/bb7b4751480508c539d351da7d860bf44b07c3'
2013-03-13 13:22:13: Copiar Nueva 'C:\Users\Sistemas\Documents\NuSphere PhpED\Projects\huella\.git\objects\3b\3d67c18e914388a6e5008596d13fea896f593f' -> 'sftp://ftp9.bravehost.com/.git/objects/3b/3d67c18e914388a6e5008596d13fea896f593f'
2013-03-13 13:22:14: Copiar Nueva 'C:\Users\Sistemas\Documents\NuSphere PhpED\Projects\huella\.git\objects\41\2eeda78dc9de1186c2e0e1526764af82ab3431' -> 'sftp://ftp9.bravehost.com/.git/objects/41/2eeda78dc9de1186c2e0e1526764af82ab3431'
2013-03-13 13:22:14: Copiar Nueva 'C:\Users\Sistemas\Documents\NuSphere PhpED\Projects\huella\.git\objects\5e\bd21a16d61827ba9ee2b0353fbf6c8c8e88bca' -> 'sftp://ftp9.bravehost.com/.git/objects/5e/bd21a16d61827ba9ee2b0353fbf6c8c8e88bca'
2013-03-13 13:22:15: Copiar Nueva 'C:\Users\Sistemas\Documents\NuSphere PhpED\Projects\huella\.git\objects\64\ff9e70ee3d969506eb99b61bd2a98d1818bb6d' -> 'sftp://ftp9.bravehost.com/.git/objects/64/ff9e70ee3d969506eb99b61bd2a98d1818bb6d'
2013-03-13 13:22:16: Copiar Nueva 'C:\Users\Sistemas\Documents\NuSphere PhpED\Projects\huella\.git\objects\6c\b5d3819a844cbb74d684728c322286b26e59d2' -> 'sftp://ftp9.bravehost.com/.git/objects/6c/b5d3819a844cbb74d684728c322286b26e59d2'
2013-03-13 13:22:17: Copiar Nueva 'C:\Users\Sistemas\Documents\NuSphere PhpED\Projects\huella\.git\objects\80\fcef3225cad1308add4de8eb36cb2db910e512' -> 'sftp://ftp9.bravehost.com/.git/objects/80/fcef3225cad1308add4de8eb36cb2db910e512'
2013-03-13 13:22:18: Copiar Nueva 'C:\Users\Sistemas\Documents\NuSphere PhpED\Projects\huella\.git\objects\81\d7a963a346ed9328840f3b951e6e90d22ece2d' -> 'sftp://ftp9.bravehost.com/.git/objects/81/d7a963a346ed9328840f3b951e6e90d22ece2d'
2013-03-13 13:22:18: Copiar Nueva 'C:\Users\Sistemas\Documents\NuSphere PhpED\Projects\huella\.git\objects\84\505019265551ad379a1c75419eb7b7dcb8844d' -> 'sftp://ftp9.bravehost.com/.git/objects/84/505019265551ad379a1c75419eb7b7dcb8844d'
2013-03-13 13:22:19: Copiar Nueva 'C:\Users\Sistemas\Documents\NuSphere PhpED\Projects\huella\.git\objects\8f\5d4a0a09791a609e458048f927a99e02208ec8' -> 'sftp://ftp9.bravehost.com/.git/objects/8f/5d4a0a09791a609e458048f927a99e02208ec8'
2013-03-13 13:22:20: Copiar Nueva 'C:\Users\Sistemas\Documents\NuSphere PhpED\Projects\huella\.git\objects\93\adea19fd7aa6b6c53ffd9afc297bbc314cef7f' -> 'sftp://ftp9.bravehost.com/.git/objects/93/adea19fd7aa6b6c53ffd9afc297bbc314cef7f'
2013-03-13 13:22:21: Copiar Nueva 'C:\Users\Sistemas\Documents\NuSphere PhpED\Projects\huella\.git\objects\a2\a0121eb9cf0ee9cee42077a4508564f251040e' -> 'sftp://ftp9.bravehost.com/.git/objects/a2/a0121eb9cf0ee9cee42077a4508564f251040e'
2013-03-13 13:22:22: Copiar Nueva 'C:\Users\Sistemas\Documents\NuSphere PhpED\Projects\huella\.git\objects\bd\c9ee30adb75efb86909e090d202674085c73d7' -> 'sftp://ftp9.bravehost.com/.git/objects/bd/c9ee30adb75efb86909e090d202674085c73d7'
2013-03-13 13:22:25: Copiar Nueva 'C:\Users\Sistemas\Documents\NuSphere PhpED\Projects\huella\.git\objects\c0\55eb4501474560c20ec622a30f921c0881a8c1' -> 'sftp://ftp9.bravehost.com/.git/objects/c0/55eb4501474560c20ec622a30f921c0881a8c1'
2013-03-13 13:22:26: Copiar Nueva 'C:\Users\Sistemas\Documents\NuSphere PhpED\Projects\huella\.git\objects\cb\00f91c09644203c5d12068fadfe896821e56e4' -> 'sftp://ftp9.bravehost.com/.git/objects/cb/00f91c09644203c5d12068fadfe896821e56e4'
2013-03-13 13:22:26: Copiar Nueva 'C:\Users\Sistemas\Documents\NuSphere PhpED\Projects\huella\.git\objects\cc\8c7e0ab26d37fc7eb1e0719b5701af93ad7b97' -> 'sftp://ftp9.bravehost.com/.git/objects/cc/8c7e0ab26d37fc7eb1e0719b5701af93ad7b97'
2013-03-13 13:22:27: Copiar Nueva 'C:\Users\Sistemas\Documents\NuSphere PhpED\Projects\huella\.git\objects\d2\8a50ff7ed2ad6bde28e360c854e8df6482afd9' -> 'sftp://ftp9.bravehost.com/.git/objects/d2/8a50ff7ed2ad6bde28e360c854e8df6482afd9'
2013-03-13 13:22:28: Copiar Nueva 'C:\Users\Sistemas\Documents\NuSphere PhpED\Projects\huella\.git\objects\ed\33924356e86af2ec8a93dab0210c765c2ae2b6' -> 'sftp://ftp9.bravehost.com/.git/objects/ed/33924356e86af2ec8a93dab0210c765c2ae2b6'
2013-03-13 13:22:29: Copiar Nueva 'C:\Users\Sistemas\Documents\NuSphere PhpED\Projects\huella\.git\objects\f6\41331601926a880b1459df42af5f014c01e5c4' -> 'sftp://ftp9.bravehost.com/.git/objects/f6/41331601926a880b1459df42af5f014c01e5c4'
2013-03-13 13:22:29: Source file C:\Users\Sistemas\Documents\NuSphere PhpED\Projects\huella\.git\refs\heads\master has changed since Analyze, but proceed with Sync
2013-03-13 13:22:29: Copiar Nueva 'C:\Users\Sistemas\Documents\NuSphere PhpED\Projects\huella\.git\refs\heads\master' -> 'sftp://ftp9.bravehost.com/.git/refs/heads/master'
2013-03-13 13:22:29: Source file has changed from Analyze 'size=41 time=2013-03-11 11:30:10' to Sync 'size=size=41 time=2013-03-13 13:22:06', correct the state
2013-03-13 13:22:30: Copiar Nueva 'C:\Users\Sistemas\Documents\NuSphere PhpED\Projects\huella\.git\refs\remotes\origin\master' -> 'sftp://ftp9.bravehost.com/.git/refs/remotes/origin/master'
2013-03-13 13:22:31: Copiar Nueva 'C:\Users\Sistemas\Documents\NuSphere PhpED\Projects\huella\.gitattributes' -> 'sftp://ftp9.bravehost.com/.gitattributes'
2013-03-13 13:22:31: Copiar Nueva 'C:\Users\Sistemas\Documents\NuSphere PhpED\Projects\huella\.gitignore' -> 'sftp://ftp9.bravehost.com/.gitignore'
2013-03-13 13:22:32: Copiar Sobre 'C:\Users\Sistemas\Documents\NuSphere PhpED\Projects\huella\add.php' -> 'sftp://ftp9.bravehost.com/add.php'
2013-03-13 13:22:33: Copiar Sobre 'C:\Users\Sistemas\Documents\NuSphere PhpED\Projects\huella\agregar.html' -> 'sftp://ftp9.bravehost.com/agregar.html'
2013-03-13 13:22:34: Copiar Sobre 'C:\Users\Sistemas\Documents\NuSphere PhpED\Projects\huella\conectar.php' -> 'sftp://ftp9.bravehost.com/conectar.php'
2013-03-13 13:22:35: Copiar Sobre 'C:\Users\Sistemas\Documents\NuSphere PhpED\Projects\huella\css\style.css' -> 'sftp://ftp9.bravehost.com/css/style.css'
2013-03-13 13:22:40: Copiar Nueva 'C:\Users\Sistemas\Documents\NuSphere PhpED\Projects\huella\huella.rar' -> 'sftp://ftp9.bravehost.com/huella.rar'
2013-03-13 13:22:41: Copiar Sobre 'C:\Users\Sistemas\Documents\NuSphere PhpED\Projects\huella\index.html' -> 'sftp://ftp9.bravehost.com/index.html'
2013-03-13 13:22:42: Copiar Sobre 'C:\Users\Sistemas\Documents\NuSphere PhpED\Projects\huella\js\h5utils.js' -> 'sftp://ftp9.bravehost.com/js/h5utils.js'
2013-03-13 13:22:43: Copiar Sobre 'C:\Users\Sistemas\Documents\NuSphere PhpED\Projects\huella\js\javascript.js' -> 'sftp://ftp9.bravehost.com/js/javascript.js'
2013-03-13 13:22:46: Copiar Sobre 'C:\Users\Sistemas\Documents\NuSphere PhpED\Projects\huella\js\jquery.js' -> 'sftp://ftp9.bravehost.com/js/jquery.js'
2013-03-13 13:22:47: Copiar Sobre 'C:\Users\Sistemas\Documents\NuSphere PhpED\Projects\huella\up.php' -> 'sftp://ftp9.bravehost.com/up.php'
2013-03-13 13:22:52: Guardar archivo de estado sftp://ftp9.bravehost.com/_gsdata_/_file_state_v4._gs
2013-03-13 13:22:52: Elementos Sincronizados OK: 105, Errores: 0
2013-03-13 13:22:57: ===== Sinc. Completa. Tiempo: 00:01:13, Velocidad: 9.81 KB/s (2.11 KB/s) =====
2013-03-13 13:22:57: 
