2013-03-13 13:34:03: ----- Tarea 'SanAngel': ANÁLISIS comenzado por On File Change 1st Full Analyze en ordenador 'LAPXPS502_1T' (GoodSync v 9.4.4.4) -----
2013-03-13 13:34:03: C:\Users\Sistemas\Documents\NuSphere PhpED\Projects\huella =PropDels=> sftp://ftp9.bravehost.com, SavePastVers, bCleanupPastVers=30d, NoWaitForLocks, FolderLinksIgnore, FileLinksDrill, CopyCreateTime
2013-03-13 13:34:03: izquierda: Archivos: 54 (excluidos 0). Carpetas: 49 (excluidas 1). C: NTFS, Libre: 582 GB, Total: 679 GB
2013-03-13 13:34:30: derecha: Archivos: 54 (excluidos 0). Carpetas: 49 (excluidas 1). SSH-2.0-mod_sftp/0.9.7
2013-03-13 13:34:30: Cambios: 1, Conflictos: 0, TiempoCopia: 0, EstadoCopia: 0/0, Errores: 0
2013-03-13 13:34:30: Left to Right: Copy File: 1 
2013-03-13 13:34:30: ----- Análisis Completado. Tiempo 00:00:35, Velocidad: 2 archivo/s -----
2013-03-13 13:34:30: ===== Tarea 'SanAngel': SINC comenzada por On File Change 1st Full Analyze en ordenador 'LAPXPS502_1T' =====
2013-03-13 13:34:30: C:\Users\Sistemas\Documents\NuSphere PhpED\Projects\huella =PropDels=> sftp://ftp9.bravehost.com, SavePastVers, bCleanupPastVers=30d, NoWaitForLocks, FolderLinksIgnore, FileLinksDrill, CopyCreateTime
2013-03-13 13:34:30: Source file C:\Users\Sistemas\Documents\NuSphere PhpED\Projects\huella\conectar.php has changed since Analyze, but proceed with Sync
2013-03-13 13:34:31: Copiar Sobre 'C:\Users\Sistemas\Documents\NuSphere PhpED\Projects\huella\conectar.php' -> 'sftp://ftp9.bravehost.com/conectar.php'
2013-03-13 13:34:31: Source file has changed from Analyze 'size=178 time=2013-03-13 13:33:52' to Sync 'size=size=178 time=2013-03-13 13:34:13', correct the state
2013-03-13 13:34:32: Guardar archivo de estado sftp://ftp9.bravehost.com/_gsdata_/_file_state_v4._gs
2013-03-13 13:34:32: Elementos Sincronizados OK: 1, Errores: 0
2013-03-13 13:34:32: ===== Sinc. Completa. Tiempo: 00:00:02, Velocidad: 2.67 KB/s (2.70 KB/s) =====
2013-03-13 13:34:32: --- Do one more Analyze to get latest changes of this Sync ---
2013-03-13 13:34:32: ----- Tarea 'SanAngel': ANÁLISIS comenzado por On File Change 1st Full Analyze en ordenador 'LAPXPS502_1T' (GoodSync v 9.4.4.4) -----
2013-03-13 13:34:32: C:\Users\Sistemas\Documents\NuSphere PhpED\Projects\huella =PropDels=> sftp://ftp9.bravehost.com, SavePastVers, bCleanupPastVers=30d, NoWaitForLocks, FolderLinksIgnore, FileLinksDrill, CopyCreateTime
2013-03-13 13:34:32: Change in: C:\Users\Sistemas\Documents\NuSphere PhpED\Projects\huella\conectar.php
2013-03-13 13:34:32: Cambios: 0, Conflictos: 0, TiempoCopia: 0, EstadoCopia: 0/0, Errores: 0
2013-03-13 13:34:32: ----- Análisis Completado. Tiempo 00:00:02, Velocidad: 52 archivo/s -----
2013-03-13 13:34:32: 
